Using pre-set license
Built from '2020.2/staging' branch; Version is '2020.2.7f1 (c53830e277f1) revision 12924976'; Using compiler version '192528614'; Build Type 'Release'
OS: 'Windows 10 Home; OS build 19041.804; Version 2004; 64bit' Language: 'en' Physical Memory: 16250 MB
BatchMode: 1, IsHumanControllingUs: 0, StartBugReporterOnCrash: 0, Is64bit: 1, IsPro: 0

 COMMAND LINE ARGUMENTS:
C:\Program Files\Unity\Hub\Editor\2020.2.7f1\Editor\Unity.exe
-adb2
-batchMode
-noUpm
-name
AssetImportWorker0
-projectPath
D:/3d-physics/3D Physics
-logFile
Logs/AssetImportWorker0.log
-srvPort
49682
Successfully changed project path to: D:/3d-physics/3D Physics
D:/3d-physics/3D Physics
Using Asset Import Pipeline V2.
Refreshing native plugins compatible for Editor in 35.03 ms, found 0 plugins.
Preloading 0 native plugins for Editor in 0.00 ms.
Initialize engine version: 2020.2.7f1 (c53830e277f1)
[Subsystems] Discovering subsystems at path C:/Program Files/Unity/Hub/Editor/2020.2.7f1/Editor/Data/Resources/UnitySubsystems
[Subsystems] Discovering subsystems at path D:/3d-physics/3D Physics/Assets
GfxDevice: creating device client; threaded=0
Direct3D:
    Version:  Direct3D 11.0 [level 11.1]
    Renderer: NVIDIA GeForce GTX 1050 Ti (ID=0x1c8c)
    Vendor:   
    VRAM:     4018 MB
    Driver:   27.21.14.6079
Initialize mono
Mono path[0] = 'C:/Program Files/Unity/Hub/Editor/2020.2.7f1/Editor/Data/Managed'
Mono path[1] = 'C:/Program Files/Unity/Hub/Editor/2020.2.7f1/Editor/Data/MonoBleedingEdge/lib/mono/unityjit'
Mono config path = 'C:/Program Files/Unity/Hub/Editor/2020.2.7f1/Editor/Data/MonoBleedingEdge/etc'
Using monoOptions --debugger-agent=transport=dt_socket,embedding=1,server=y,suspend=n,address=127.0.0.1:56336
Begin MonoManager ReloadAssembly
Registering precompiled unity dll's ...
Register platform support module: C:/Program Files/Unity/Hub/Editor/2020.2.7f1/Editor/Data/PlaybackEngines/WebGLSupport/UnityEditor.WebGL.Extensions.dll
Register platform support module: C:/Program Files/Unity/Hub/Editor/2020.2.7f1/Editor/Data/PlaybackEngines/WindowsStandaloneSupport/UnityEditor.WindowsStandalone.Extensions.dll
Registered in 0.017839 seconds.
Native extension for WindowsStandalone target not found
Native extension for WebGL target not found
Refreshing native plugins compatible for Editor in 56.03 ms, found 0 plugins.
Preloading 0 native plugins for Editor in 0.00 ms.
Invoked RoslynAnalysisRunner static constructor.
RoslynAnalysisRunner will not be running.
RoslynAnalysisRunner has terminated.
Mono: successfully reloaded assembly
- Completed reload, in  6.430 seconds
Platform modules already initialized, skipping
Registering precompiled user dll's ...
Registered in 0.000905 seconds.
Begin MonoManager ReloadAssembly
Native extension for WindowsStandalone target not found
Native extension for WebGL target not found
Refreshing native plugins compatible for Editor in 38.90 ms, found 0 plugins.
Preloading 0 native plugins for Editor in 0.00 ms.
Invoked RoslynAnalysisRunner static constructor.
RoslynAnalysisRunner will not be running.
RoslynAnalysisRunner has terminated.
Mono: successfully reloaded assembly
- Completed reload, in  1.291 seconds
Platform modules already initialized, skipping
========================================================================
Worker process is ready to serve import requests
Launched and connected shader compiler UnityShaderCompiler.exe after 0.08 seconds
Refreshing native plugins compatible for Editor in 0.31 ms, found 0 plugins.
Preloading 0 native plugins for Editor in 0.00 ms.
Unloading 1499 Unused Serialized files (Serialized files now loaded: 0)
System memory in use before: 68.3 MB.
System memory in use after: 68.4 MB.

Unloading 11 unused Assets to reduce memory usage. Loaded Objects now: 1941.
Total: 2.269300 ms (FindLiveObjects: 0.234300 ms CreateObjectMapping: 0.075000 ms MarkObjects: 1.867000 ms  DeleteObjects: 0.090500 ms)

========================================================================
Received Import Request.
  path: Assets/lens.blend
  artifactKey: Guid(6690150a5392ef64daf4002286243a3f) Importer(815301076,1909f56bfc062723c751e8b465ee728b)
Start importing Assets/lens.blend using Guid(6690150a5392ef64daf4002286243a3f) Importer(815301076,1909f56bfc062723c751e8b465ee728b)  -> (artifact id: '7922403f08147a40a7167a2b4a6f67cf') in 0.612202 seconds
  Import took 0.618966 seconds .

========================================================================
Received Import Request.
  Time since last request: 0.001948 seconds.
  path: Assets/glass.blend
  artifactKey: Guid(6497f67e06845fc40803b8516d5c6080) Importer(815301076,1909f56bfc062723c751e8b465ee728b)
Start importing Assets/glass.blend using Guid(6497f67e06845fc40803b8516d5c6080) Importer(815301076,1909f56bfc062723c751e8b465ee728b)  -> (artifact id: 'c963857a0740f1f04408f7d0a9aee05b') in 0.265502 seconds
  Import took 0.274490 seconds .

========================================================================
Received Prepare
Refreshing native plugins compatible for Editor in 0.94 ms, found 0 plugins.
Preloading 0 native plugins for Editor in 0.00 ms.
Unloading 4 Unused Serialized files (Serialized files now loaded: 0)
System memory in use before: 43.9 MB.
System memory in use after: 44.0 MB.

Unloading 4 unused Assets to reduce memory usage. Loaded Objects now: 1984.
Total: 4.290900 ms (FindLiveObjects: 0.282300 ms CreateObjectMapping: 0.141800 ms MarkObjects: 3.827700 ms  DeleteObjects: 0.036700 ms)

========================================================================
Received Prepare
Refreshing native plugins compatible for Editor in 0.94 ms, found 0 plugins.
Preloading 0 native plugins for Editor in 0.00 ms.
Unloading 4 Unused Serialized files (Serialized files now loaded: 0)
System memory in use before: 43.9 MB.
System memory in use after: 44.0 MB.

Unloading 3 unused Assets to reduce memory usage. Loaded Objects now: 1984.
Total: 2.789900 ms (FindLiveObjects: 0.191400 ms CreateObjectMapping: 0.049100 ms MarkObjects: 2.497500 ms  DeleteObjects: 0.049700 ms)

========================================================================
Received Prepare
Switching build target platform(13) subTarget(589824) extendedPlatform(0) -> platform(13) subTarget(537395200) extendedPlatform(0)
Refreshing native plugins compatible for Editor in 0.85 ms, found 0 plugins.
Preloading 0 native plugins for Editor in 0.00 ms.
Unloading 4 Unused Serialized files (Serialized files now loaded: 0)
System memory in use before: 43.9 MB.
System memory in use after: 44.0 MB.

Unloading 3 unused Assets to reduce memory usage. Loaded Objects now: 1984.
Total: 3.330200 ms (FindLiveObjects: 0.297200 ms CreateObjectMapping: 0.079800 ms MarkObjects: 2.919800 ms  DeleteObjects: 0.030300 ms)

AssetImportParameters requested are different than current active one (requested -> active):
  buildTarget: platform 13, subtarget 537395200, extendedPlatform 0 -> platform 13, subtarget 589824, extendedPlatform 0
  graphicsApiMask: 2099200 -> 2304
========================================================================
Received Prepare
Switching build target platform(13) subTarget(537395200) extendedPlatform(0) -> platform(13) subTarget(589824) extendedPlatform(0)
Refreshing native plugins compatible for Editor in 0.95 ms, found 0 plugins.
Preloading 0 native plugins for Editor in 0.00 ms.
Unloading 4 Unused Serialized files (Serialized files now loaded: 0)
System memory in use before: 43.9 MB.
System memory in use after: 44.0 MB.

Unloading 3 unused Assets to reduce memory usage. Loaded Objects now: 1984.
Total: 2.871200 ms (FindLiveObjects: 0.185500 ms CreateObjectMapping: 0.058600 ms MarkObjects: 2.554200 ms  DeleteObjects: 0.070900 ms)

AssetImportParameters requested are different than current active one (requested -> active):
  buildTarget: platform 13, subtarget 589824, extendedPlatform 0 -> platform 13, subtarget 537395200, extendedPlatform 0
  graphicsApiMask: 2304 -> 2099200
========================================================================
Received Prepare
Refreshing native plugins compatible for Editor in 0.88 ms, found 0 plugins.
Preloading 0 native plugins for Editor in 0.00 ms.
Unloading 4 Unused Serialized files (Serialized files now loaded: 0)
System memory in use before: 43.9 MB.
System memory in use after: 44.0 MB.

Unloading 2 unused Assets to reduce memory usage. Loaded Objects now: 1985.
Total: 2.358500 ms (FindLiveObjects: 0.181700 ms CreateObjectMapping: 0.054700 ms MarkObjects: 2.106100 ms  DeleteObjects: 0.014500 ms)

========================================================================
Received Import Request.
  Time since last request: 1068.252183 seconds.
  path: Assets/Prefabs
  artifactKey: Guid(0d33f7041c985ab49b797682fc2a9679) Importer(815301076,1909f56bfc062723c751e8b465ee728b)
Start importing Assets/Prefabs using Guid(0d33f7041c985ab49b797682fc2a9679) Importer(815301076,1909f56bfc062723c751e8b465ee728b)  -> (artifact id: '20c24f0f9d941a23388c6282759d7c3c') in 0.028773 seconds
  Import took 0.033681 seconds .

========================================================================
Received Import Request.
  Time since last request: 5.411953 seconds.
  path: Assets/Prefabs/Base.prefab
  artifactKey: Guid(1efb7c133b98299489b7cb770931abeb) Importer(815301076,1909f56bfc062723c751e8b465ee728b)
Start importing Assets/Prefabs/Base.prefab using Guid(1efb7c133b98299489b7cb770931abeb) Importer(815301076,1909f56bfc062723c751e8b465ee728b)  -> (artifact id: 'c492722e73a0909233e935c0c79b9f95') in 0.121985 seconds
  Import took 0.128297 seconds .

========================================================================
Received Import Request.
  Time since last request: 150.979089 seconds.
  path: Assets/New Animation.anim
  artifactKey: Guid(e976fcd21b49af54daff065b334eb068) Importer(815301076,1909f56bfc062723c751e8b465ee728b)
Start importing Assets/New Animation.anim using Guid(e976fcd21b49af54daff065b334eb068) Importer(815301076,1909f56bfc062723c751e8b465ee728b)  -> (artifact id: '7a9df17052fcfc45d983aaed54714d3c') in 0.019969 seconds
  Import took 0.024469 seconds .

========================================================================
Received Import Request.
  Time since last request: 2.584569 seconds.
  path: Assets/Scripts
  artifactKey: Guid(c348f24f6b2472441b814e568e04cbd8) Importer(815301076,1909f56bfc062723c751e8b465ee728b)
Start importing Assets/Scripts using Guid(c348f24f6b2472441b814e568e04cbd8) Importer(815301076,1909f56bfc062723c751e8b465ee728b)  -> (artifact id: '88944f1b72389582940a801f1e41d117') in 0.015288 seconds
  Import took 0.019279 seconds .

========================================================================
Received Import Request.
  Time since last request: 42.710013 seconds.
  path: Assets/Scripts/ARTapToPlaceObject.cs
  artifactKey: Guid(ff987cd99759e5b49be33bdf9bc717b8) Importer(815301076,1909f56bfc062723c751e8b465ee728b)
Start importing Assets/Scripts/ARTapToPlaceObject.cs using Guid(ff987cd99759e5b49be33bdf9bc717b8) Importer(815301076,1909f56bfc062723c751e8b465ee728b)  -> (artifact id: '44a964ccb2b590e1d95be23a570c86ac') in 0.043362 seconds
  Import took 0.048721 seconds .

========================================================================
Received Prepare
Registering precompiled user dll's ...
Registered in 0.000954 seconds.
Begin MonoManager ReloadAssembly
Native extension for WindowsStandalone target not found
Native extension for WebGL target not found
Refreshing native plugins compatible for Editor in 0.56 ms, found 0 plugins.
Preloading 0 native plugins for Editor in 0.00 ms.
Invoked RoslynAnalysisRunner static constructor.
RoslynAnalysisRunner will not be running.
RoslynAnalysisRunner has terminated.
Mono: successfully reloaded assembly
- Completed reload, in  1.088 seconds
Platform modules already initialized, skipping
Switching build target platform(5) subTarget(0) extendedPlatform(0) -> platform(13) subTarget(589824) extendedPlatform(0)
Refreshing native plugins compatible for Editor in 0.58 ms, found 0 plugins.
Preloading 0 native plugins for Editor in 0.00 ms.
Unloading 1490 Unused Serialized files (Serialized files now loaded: 0)
System memory in use before: 73.3 MB.
System memory in use after: 73.4 MB.

Unloading 6 unused Assets to reduce memory usage. Loaded Objects now: 1989.
Total: 2.068900 ms (FindLiveObjects: 0.180100 ms CreateObjectMapping: 0.061000 ms MarkObjects: 1.764500 ms  DeleteObjects: 0.061400 ms)

AssetImportParameters requested are different than current active one (requested -> active):
  custom:graphics/normal-map-encoding: 01000000000000000000000000000000 -> 02000000000000000000000000000000
AssetImportWorkerClient::OnTransportError - code=2 error=End of file
